<?xml version="1.0" encoding="UTF-8"?>
<!-- Generated by org.testng.reporters.JUnitReportReporter -->
<testsuite hostname="Deepali" name="com.neu.commandlncalculatorTest.CommanLnCalcTest" tests="6" failures="0" timestamp="21 Aug 2017 06:14:57 GMT" time="0.020" errors="0">
  <testcase name="testEvaluate1" time="0.020" classname="com.neu.commandlncalculatorTest.CommanLnCalcTest"/>
  <testcase name="testEvaluate5" time="0.000" classname="com.neu.commandlncalculatorTest.CommanLnCalcTest"/>
  <testcase name="testEvaluate4" time="0.000" classname="com.neu.commandlncalculatorTest.CommanLnCalcTest"/>
  <testcase name="testEvaluate3" time="0.000" classname="com.neu.commandlncalculatorTest.CommanLnCalcTest"/>
  <testcase name="testEvaluate2" time="0.000" classname="com.neu.commandlncalculatorTest.CommanLnCalcTest"/>
  <testcase name="testEvaluate6" time="0.000" classname="com.neu.commandlncalculatorTest.CommanLnCalcTest"/>
</testsuite> <!-- com.neu.commandlncalculatorTest.CommanLnCalcTest -->
